appDemo/build/outputs/logs/manifest-merger-debug-report.txt
-- Merging decision tree log ---
manifest
ADDED from src\main\AndroidManifest.xml:2:1-27:12
	package
		ADDED from src\main\AndroidManifest.xml:3:5-26
		INJECTED from src\main\AndroidManifest.xml
		INJECTED from src\main\AndroidManifest.xml
	android:versionName
		INJECTED from src\main\AndroidManifest.xml
		INJECTED from src\main\AndroidManifest.xml
	xmlns:android
		ADDED from src\main\AndroidManifest.xml:2:11-69
	android:versionCode
		INJECTED from src\main\AndroidManifest.xml
		INJECTED from src\main\AndroidManifest.xml
uses-permission#android.permission.INTERNET
ADDED from src\main\AndroidManifest.xml:5:5-66
MERGED from [DUtils:LibBaseUtils:unspecified] AndroidManifest.xml:11:5-67
	android:name
		ADDED from src\main\AndroidManifest.xml:5:22-64
application
ADDED from src\main\AndroidManifest.xml:7:5-25:19
MERGED from [DUtils:LibBaseUtils:unspecified] AndroidManifest.xml:18:5-25:19
MERGED from [com.android.support:support-v13:25.1.0] AndroidManifest.xml:25:5-20
MERGED from [DUtils:LibHttp:unspecified] AndroidManifest.xml:11:5-15:19
MERGED from [DUtils:LibPhotopicker:unspecified] AndroidManifest.xml:11:5-18:19
MERGED from [com.android.support:appcompat-v7:25.1.0] AndroidManifest.xml:25:5-20
MERGED from [com.android.support:support-v4:25.1.0] AndroidManifest.xml:25:5-20
MERGED from [com.android.support:support-fragment:25.1.0] AndroidManifest.xml:25:5-20
MERGED from [com.android.support:support-media-compat:25.1.0] AndroidManifest.xml:25:5-20
MERGED from [com.android.support:support-core-ui:25.1.0] AndroidManifest.xml:25:5-20
MERGED from [com.android.support:support-core-utils:25.1.0] AndroidManifest.xml:25:5-20
MERGED from [com.android.support:animated-vector-drawable:25.1.0] AndroidManifest.xml:22:5-20
MERGED from [com.android.support:support-vector-drawable:25.1.0] AndroidManifest.xml:23:5-20
MERGED from [com.android.support:support-compat:25.1.0] AndroidManifest.xml:25:5-20
	android:label
		ADDED from src\main\AndroidManifest.xml:11:9-41
	android:supportsRtl
		ADDED from src\main\AndroidManifest.xml:12:9-35
	android:allowBackup
		ADDED from src\main\AndroidManifest.xml:9:9-35
	android:icon
		ADDED from src\main\AndroidManifest.xml:10:9-45
	android:theme
		ADDED from src\main\AndroidManifest.xml:13:9-40
	android:name
		ADDED from src\main\AndroidManifest.xml:8:9-39
activity#com.dy.hbjg.module.loading.A_Loading
ADDED from src\main\AndroidManifest.xml:14:9-19:20
	android:name
		ADDED from src\main\AndroidManifest.xml:14:19-70
intent-filter#android.intent.action.MAIN+android.intent.category.LAUNCHER
ADDED from src\main\AndroidManifest.xml:15:13-18:29
action#android.intent.action.MAIN
ADDED from src\main\AndroidManifest.xml:16:17-69
	android:name
		ADDED from src\main\AndroidManifest.xml:16:25-66
category#android.intent.category.LAUNCHER
ADDED from src\main\AndroidManifest.xml:17:17-77
	android:name
		ADDED from src\main\AndroidManifest.xml:17:27-74
activity#com.dy.hbjg.A_Home
ADDED from src\main\AndroidManifest.xml:21:9-55
	android:name
		ADDED from src\main\AndroidManifest.xml:21:19-52
activity#com.dy.hbjg.module.me.login.A_Login
ADDED from src\main\AndroidManifest.xml:22:9-73
	android:name
		ADDED from src\main\AndroidManifest.xml:22:19-69
activity#com.dy.hbjg.module.me.register.A_Register
ADDED from src\main\AndroidManifest.xml:23:9-78
	android:name
		ADDED from src\main\AndroidManifest.xml:23:19-75
activity#com.dy.hbjg.module.search.A_search
ADDED from src\main\AndroidManifest.xml:24:9-73
	android:name
		ADDED from src\main\AndroidManifest.xml:24:19-68
uses-sdk
INJECTED from src\main\AndroidManifest.xml reason: use-sdk injection requested
MERGED from [DUtils:TagFlowlayout:unspecified] AndroidManifest.xml:7:5-9:41
MERGED from [DUtils:LibBaseUtils:unspecified] AndroidManifest.xml:7:5-9:41
MERGED from [com.android.support:support-v13:25.1.0] AndroidManifest.xml:21:5-23:55
MERGED from [com.android.support:recyclerview-v7:25.1.0] AndroidManifest.xml:20:5-43
MERGED from [com.jude:easyrecyclerview:4.3.7] AndroidManifest.xml:7:5-9:41
MERGED from [DUtils:LibHttp:unspecified] AndroidManifest.xml:7:5-9:41
MERGED from [io.reactivex:rxandroid:1.1.0] AndroidManifest.xml:19:5-43
MERGED from [DUtils:LibPhotopicker:unspecified] AndroidManifest.xml:7:5-9:41
MERGED from [com.android.support:appcompat-v7:25.1.0] AndroidManifest.xml:21:5-23:78
MERGED from [com.android.support:support-v4:25.1.0] AndroidManifest.xml:21:5-23:54
MERGED from [com.android.support:support-fragment:25.1.0] AndroidManifest.xml:21:5-23:60
MERGED from [com.android.support:support-media-compat:25.1.0] AndroidManifest.xml:21:5-23:63
MERGED from [com.android.support:support-core-ui:25.1.0] AndroidManifest.xml:21:5-23:58
MERGED from [com.android.support:support-core-utils:25.1.0] AndroidManifest.xml:21:5-23:61
MERGED from [com.android.support:animated-vector-drawable:25.1.0] AndroidManifest.xml:20:5-44
MERGED from [com.android.support:support-vector-drawable:25.1.0] AndroidManifest.xml:21:5-43
MERGED from [com.android.support:support-compat:25.1.0] AndroidManifest.xml:21:5-23:58
	tools:overrideLibrary
		ADDED from [com.android.support:support-v13:25.1.0] AndroidManifest.xml:23:9-52
	android:targetSdkVersion
		INJECTED from src\main\AndroidManifest.xml
		INJECTED from src\main\AndroidManifest.xml
	android:minSdkVersion
		INJECTED from src\main\AndroidManifest.xml
		INJECTED from src\main\AndroidManifest.xml
uses-permission#android.permission.WRITE_EXTERNAL_STORAGE
ADDED from [DUtils:LibBaseUtils:unspecified] AndroidManifest.xml:12:5-81
	android:name
		ADDED from [DUtils:LibBaseUtils:unspecified] AndroidManifest.xml:12:22-78
meta-data#com.dy.baseutils.utils.glide.MyGlideModule
ADDED from [DUtils:LibBaseUtils:unspecified] AndroidManifest.xml:14:5-16:39
	android:value
		ADDED from [DUtils:LibBaseUtils:unspecified] AndroidManifest.xml:16:9-36
	android:name
		ADDED from [DUtils:LibBaseUtils:unspecified] AndroidManifest.xml:15:9-66
activity#com.dy.baseutils.module.picturesshow.A_PictureListShow
ADDED from [DUtils:LibBaseUtils:unspecified] AndroidManifest.xml:22:9-91
	android:name
		ADDED from [DUtils:LibBaseUtils:unspecified] AndroidManifest.xml:22:19-88
activity#com.dy.baseutils.view.webactivity.A_WebView
ADDED from [DUtils:LibBaseUtils:unspecified] AndroidManifest.xml:23:9-80
	android:name
		ADDED from [DUtils:LibBaseUtils:unspecified] AndroidManifest.xml:23:19-77
activity#com.dy.baseutils.module.newsshow.A_View_msg
ADDED from [DUtils:LibBaseUtils:unspecified] AndroidManifest.xml:24:9-80
	android:name
		ADDED from [DUtils:LibBaseUtils:unspecified] AndroidManifest.xml:24:19-77
activity#dy.utils.libphotopicker.views.PhotoPickerActivity
ADDED from [DUtils:LibPhotopicker:unspecified] AndroidManifest.xml:15:9-17:49
	android:theme
		ADDED from [DUtils:LibPhotopicker:unspecified] AndroidManifest.xml:17:13-46
	android:name
		ADDED from [DUtils:LibPhotopicker:unspecified] AndroidManifest.xml:16:13-77